
ROM used:   113/8192 (1%)
            113/8192 (1%) including unused fragments

            0.2 Average locations per line
            4.5 Average locations per statement

RAM used:   6/368 (2%) at main() level
            11/368 (3%) worst case

Stack used: 0 worst case (0 in main + 0 for interrupts)
Stack size: 8

Lines Stmts  %   Files
----- ----- ---  -----
   44    25 100  main.c
   10     0   0  main.h
  661     0   0  ..\..\..\..\Program Files (x86)\PICC\Devices\16F877A.h
----- -----
  715    25 Total

Page ROM  %  RAM   Vol Diff  Functions:
---- --- --- ---   --- ----  ----------
0     20  18    1             @delay_ms1
0     89  79    0   757  5.6  main
 Inline         0             @cinit1

Program metrics:
    Functions               1
    Statements              25
    Comments                110
    Volume (V)              763
    Difficulty (D)          5.4
    Effort to implement (E) 4124
    Time to implement (T)   4 minutes
    Est Delivered Bugs (B)  0
    Cyclomatic Complexity   2
    Maintainability (MI)    58

 Segment     Used  Free
-----------  ----  ----
00000-00003     4  0  
00004-007FF   109  1935  
00800-00FFF     0  2048  
01000-017FF     0  2048  
01800-01FFF     0  2048  



