
ROM used:   288/8192 (4%)
            288/8192 (4%) including unused fragments

            0.4 Average locations per line
            5.2 Average locations per statement

RAM used:   8/368 (2%) at main() level
            12/368 (3%) worst case

Stack used: 0 worst case (0 in main + 0 for interrupts)
Stack size: 8

Lines Stmts  %   Files
----- ----- ---  -----
   81    55 100  main.c
   10     0   0  main.h
  629     0   0  ..\..\..\..\..\Program Files (x86)\PICC\Devices\16F877.h
----- -----
  720    55 Total

Page ROM  %  RAM   Vol Diff  Functions:
---- --- --- ---   --- ----  ----------
0     20   7    1             @delay_ms1
0    229  80    2  1970  7.9  main
0     14   5    0  1232  6.4  @const615
0     21   7    3   183  2.3  @DIV88
 Inline         0   212  2.7  @cinit1

Program metrics:
    Functions               4
    Statements              55
    Comments                102
    Volume (V)              4465
    Difficulty (D)          19.4
    Effort to implement (E) 86577
    Time to implement (T)   1 hours, 20 minutes
    Est Delivered Bugs (B)  1
    Cyclomatic Complexity   6
    Maintainability (MI)    142

 Segment     Used  Free
-----------  ----  ----
00000-00003     4  0  
00004-007FF   284  1760  
00800-00FFF     0  2048  
01000-017FF     0  2048  
01800-01FFF     0  2048  



