
ROM used:   191/8192 (2%)
            191/8192 (2%) including unused fragments

            0.3 Average locations per line
            5.5 Average locations per statement

RAM used:   8/368 (2%) at main() level
            14/368 (4%) worst case

Stack used: 0 worst case (0 in main + 0 for interrupts)
Stack size: 8

Lines Stmts  %   Files
----- ----- ---  -----
   51    35 100  main.c
   10     0   0  main.h
  661     0   0  ..\..\..\..\..\Program Files (x86)\PICC\Devices\16F877A.h
----- -----
  722    35 Total

Page ROM  %  RAM   Vol Diff  Functions:
---- --- --- ---   --- ----  ----------
0     20  10    1             @delay_ms1
0    132  69    2  1232  6.4  main
0     14   7    0   183  2.3  @const623
0     21  11    3   212  2.7  @DIV88
 Inline         0   160  2.2  @cinit1

Program metrics:
    Functions               4
    Statements              35
    Comments                110
    Volume (V)              2270
    Difficulty (D)          13.7
    Effort to implement (E) 31172
    Time to implement (T)   29 minutes
    Est Delivered Bugs (B)  0
    Cyclomatic Complexity   3
    Maintainability (MI)    151

 Segment     Used  Free
-----------  ----  ----
00000-00003     4  0  
00004-007FF   187  1857  
00800-00FFF     0  2048  
01000-017FF     0  2048  
01800-01FFF     0  2048  



