
ROM used:   76/8192 (1%)
            76/8192 (1%) including unused fragments

            0.1 Average locations per line
            3.6 Average locations per statement

RAM used:   6/368 (2%) at main() level
            7/368 (2%) worst case

Stack used: 0 worst case (0 in main + 0 for interrupts)
Stack size: 8

Lines Stmts  %   Files
----- ----- ---  -----
   32    21 100  çalýþma.c
   10     0   0  çalýþma.h
  661     0   0  ..\..\..\..\..\Program Files (x86)\PICC\Devices\16F877A.h
----- -----
  703    21 Total

Page ROM  %  RAM   Vol Diff  Functions:
---- --- --- ---   --- ----  ----------
0     72  95    0   455  3.8  main
 Inline         0             @cinit1

Program metrics:
    Functions               1
    Statements              21
    Comments                110
    Volume (V)              458
    Difficulty (D)          3.7
    Effort to implement (E) 1694
    Time to implement (T)   2 minutes
    Est Delivered Bugs (B)  0
    Cyclomatic Complexity   1
    Maintainability (MI)    64

 Segment     Used  Free
-----------  ----  ----
00000-00003     4  0  
00004-007FF    72  1972  
00800-00FFF     0  2048  
01000-017FF     0  2048  
01800-01FFF     0  2048  



