
ROM used:   273/8192 (3%)
            273/8192 (3%) including unused fragments

            0.4 Average locations per line
            6.1 Average locations per statement

RAM used:   45/368 (12%) at main() level
            51/368 (14%) worst case

Stack used: 0 worst case (0 in main + 0 for interrupts)
Stack size: 8

Lines Stmts  %   Files
----- ----- ---  -----
   72    45 100  main.c
   10     0   0  main.h
  661     0   0  ..\..\..\..\..\Program Files (x86)\PICC\Devices\16F877A.h
----- -----
  743    45 Total

Page ROM  %  RAM   Vol Diff  Functions:
---- --- --- ---   --- ----  ----------
0     20   7    1             @delay_ms1
0     28  10    1   240  3.5  sutun
0      9   3    0             @goto10563
0     39  14    4   262  4.5  matris_karakter
0    173  63   40  1696  3.7  MAIN
 Inline         0             @cinit1

Program metrics:
    Functions               3
    Statements              45
    Comments                110
    Volume (V)              2624
    Difficulty (D)          12.0
    Effort to implement (E) 31488
    Time to implement (T)   29 minutes
    Est Delivered Bugs (B)  0
    Cyclomatic Complexity   7
    Maintainability (MI)    94

 Segment     Used  Free
-----------  ----  ----
00000-00003     4  0  
00004-007FF   269  1775  
00800-00FFF     0  2048  
01000-017FF     0  2048  
01800-01FFF     0  2048  



