
ROM used:   878/8192 (11%)
            878/8192 (11%) including unused fragments

            0.7 Average locations per line
            4.5 Average locations per statement

RAM used:   8/368 (2%) at main() level
            25/368 (7%) worst case

Stack used: 0 worst case (0 in main + 0 for interrupts)
Stack size: 8

Lines Stmts  %   Files
----- ----- ---  -----
   95    95  49  main.c
   10     0   0  main.h
  661     0   0  ..\..\..\..\..\..\Program Files (x86)\PICC\Devices\16F877A.h
  456   100  51  ..\..\..\..\..\..\Program Files (x86)\PICC\Drivers\lcd.c
----- -----
 1222   195 Total

Page ROM  %  RAM   Vol Diff  Functions:
---- --- --- ---   --- ----  ----------
0     20   2    1             @delay_ms1
0      8   1    0             @const626
 Inline         3   760  4.5  lcd_read_byte
0     49   6    2   262  3.7  lcd_read_nibble
0     44   5    1   399  2.4  lcd_send_nibble
0     92  10    3   415  3.7  lcd_send_byte
0     61   7    2   704  5.0  lcd_init
0     18   2    4   208  6.3  lcd_gotoxy
0     44   5    1   354  4.7  lcd_putc
0    246  28    0  1840  2.9  oku
0    100  11    1   595  3.8  MAIN
0      7   1    0             @const663
0     77   9    4             @PSTRINGC7_645
0     21   2    3             @DIV88
0     87  10    6             @PRINTF_D_645
 Inline         0             @cinit1

Program metrics:
    Functions               9
    Statements              195
    Comments                255
    Volume (V)              8265
    Difficulty (D)          35.7
    Effort to implement (E) 294801
    Time to implement (T)   4 hours, 33 minutes
    Est Delivered Bugs (B)  1
    Cyclomatic Complexity   25
    Maintainability (MI)    131

 Segment     Used  Free
-----------  ----  ----
00000-00003     4  0  
00004-007FF   874  1170  
00800-00FFF     0  2048  
01000-017FF     0  2048  
01800-01FFF     0  2048  



