
ROM used:   2325/8192 (28%)
            2338/8192 (29%) including unused fragments

            1.4 Average locations per line
            8.0 Average locations per statement

RAM used:   27/368 (7%) at main() level
            63/368 (17%) worst case

Stack used: 0 worst case (0 in main + 0 for interrupts)
Stack size: 8

Lines Stmts  %   Files
----- ----- ---  -----
   77    51  18  grafic.c
   10     0   0  grafic.h
  661     0   0  ..\..\..\..\..\..\Program Files (x86)\PICC\Devices\16F877A.h
  356    76  26  ..\..\..\..\..\..\Program Files (x86)\PICC\Drivers\hdm64gs12.c
  540   163  56  ..\..\..\..\..\..\Program Files (x86)\PICC\Drivers\graphics.c
----- -----
 1644   290 Total

Page ROM  %  RAM   Vol Diff  Functions:
---- --- --- ---   --- ----  ----------
0     20   1    1             @delay_ms1
0    141   6    1   555  3.4  glcd_init
0    118   5    7   779  7.2  glcd_pixel
 Inline         4   506  4.8  glcd_fillScreen
0     37   2    2             @MUL88
0     43   2    2   307  2.8  glcd_writeByte
0     45   2    2   318  2.8  glcd_readByte
0    262  11    0             @const642
0    224  10    0             @const646
0    182   8   17  1519  9.2  glcd_line
0     98   4    6  1071  6.1  glcd_rect
0    353  15   25  2563 10.9  glcd_bar
0     46   2    6             @MULS1616
0    248  11   12  1846  8.8  glcd_circle
0    214   9   20  1587 11.7  glcd_text57
1    290  12    1  2121  5.9  MAIN
 Inline         0             @cinit1

Program metrics:
    Functions               11
    Statements              290
    Comments                475
    Volume (V)              19530
    Difficulty (D)          73.3
    Effort to implement (E) 1430773
    Time to implement (T)   22 hours, 5 minutes
    Est Delivered Bugs (B)  4
    Cyclomatic Complexity   47
    Maintainability (MI)    44

 Segment     Used  Free
-----------  ----  ----
00000-00003     4  0  
00004-007FF  2031  13  
00800-00FFF   290  1758  
01000-017FF     0  2048  
01800-01FFF     0  2048  



