CCS PCM C Compiler, Version 5.007, 61971               01-Mar-19 06:50

               Filename:   C:\Users\NURULLAH\Desktop\ccs c örnek\dot matrix\main.lst

               ROM used:   21 words (0%)
                           Largest free fragment is 2048
               RAM used:   5 (1%) at main() level
                           6 (2%) worst case
               Stack used: 0 locations
               Stack size: 8

*
0000:  MOVLW  00
0001:  MOVWF  0A
0002:  GOTO   004
0003:  NOP
.................... #include <main.h> 
.................... #include <16F877A.h> 
.................... //////// Standard Header file for the PIC16F877A device //////////////// 
.................... #device PIC16F877A 
....................  
.................... #list 
....................  
.................... #device ADC=16 
....................  
.................... #FUSES NOWDT                 	//No Watch Dog Timer 
.................... #FUSES NOBROWNOUT            	//No brownout reset 
.................... #FUSES NOLVP                 	//No low voltage prgming, B3(PIC16) or B5(PIC18) used for I/O 
....................  
.................... #use delay(crystal=20000000) 
....................  
....................  
.................... #define latch pin_a0 
.................... #define data pin_a1 
.................... #define clock pin_a2 
.................... #define mr pin_a3 
.................... #define qe pin_a4 
....................  
....................  
.................... void main() 
0004:  BSF    03.5
0005:  BSF    1F.0
0006:  BSF    1F.1
0007:  BSF    1F.2
0008:  BCF    1F.3
0009:  MOVLW  07
000A:  MOVWF  1C
000B:  BCF    03.7
000C:  MOVLW  1F
000D:  ANDWF  03,F
.................... { 
....................    set_tris_a(0x00); 
000E:  MOVLW  00
000F:  MOVWF  05
....................    set_tris_b(0x00); 
0010:  MOVWF  06
....................    int dizi[]={}; 
0011:  BCF    03.5
0012:  CLRF   21
....................    while(TRUE) 
....................    { 
0013:  GOTO   013
....................  
....................        
....................    } 
....................  
.................... } 
0014:  SLEEP

Configuration Fuses:
   Word  1: 3F32   HS NOWDT PUT NOBROWNOUT NOLVP NOCPD NOWRT NODEBUG NOPROTECT
