
ROM used:   21/8192 (0%)
            21/8192 (0%) including unused fragments

            0.0 Average locations per line
            4.2 Average locations per statement

RAM used:   5/368 (1%) at main() level
            6/368 (2%) worst case

Stack used: 0 worst case (0 in main + 0 for interrupts)
Stack size: 8

Lines Stmts  %   Files
----- ----- ---  -----
   21     5 100  main.c
   10     0   0  main.h
  661     0   0  ..\..\..\..\..\Program Files (x86)\PICC\Devices\16F877A.h
----- -----
  692     5 Total

Page ROM  %  RAM   Vol Diff  Functions:
---- --- --- ---   --- ----  ----------
0     17  81    0    78  2.3  main
 Inline         0             @cinit1

Program metrics:
    Functions               1
    Statements              5
    Comments                110
    Volume (V)              80
    Difficulty (D)          2.1
    Effort to implement (E) 168
    Time to implement (T)   0 minutes
    Est Delivered Bugs (B)  0
    Cyclomatic Complexity   1
    Maintainability (MI)    96

 Segment     Used  Free
-----------  ----  ----
00000-00003     4  0  
00004-007FF    17  2027  
00800-00FFF     0  2048  
01000-017FF     0  2048  
01800-01FFF     0  2048  



